# JRE version: Java(TM) SE Runtime Environment (8.0_101-b13) (build 1.8.0_101-b13)
# Java VM: Java HotSpot(TM) 64-Bit Server VM (25.101-b13 mixed mode windows-amd64 compressed oops)
Heap:
 PSYoungGen      total 76288K, used 31766K [0x000000076b200000, 0x0000000770700000, 0x00000007c0000000)
  eden space 65536K, 32% used [0x000000076b200000,0x000000076c6b35a8,0x000000076f200000)
  from space 10752K, 98% used [0x000000076f200000,0x000000076fc522a0,0x000000076fc80000)
  to   space 10752K, 0% used [0x000000076fc80000,0x000000076fc80000,0x0000000770700000)
 ParOldGen       total 175104K, used 443K [0x00000006c1600000, 0x00000006cc100000, 0x000000076b200000)
  object space 175104K, 0% used [0x00000006c1600000,0x00000006c166ef10,0x00000006cc100000)
 Metaspace       used 17779K, capacity 18104K, committed 18176K, reserved 1064960K
  class space    used 2150K, capacity 2256K, committed 2304K, reserved 1048576K
GC Heap History (6 events):
Event: 1.015 GC heap before
{Heap before GC invocations=1 (full 0):
 PSYoungGen      total 76288K, used 65536K [0x000000076b200000, 0x0000000770700000, 0x00000007c0000000)
  eden space 65536K, 100% used [0x000000076b200000,0x000000076f200000,0x000000076f200000)
  from space 10752K, 0% used [0x000000076fc80000,0x000000076fc80000,0x0000000770700000)
  to   space 10752K, 0% used [0x000000076f200000,0x000000076f200000,0x000000076fc80000)
 ParOldGen       total 175104K, used 0K [0x00000006c1600000, 0x00000006cc100000, 0x000000076b200000)
  object space 175104K, 0% used [0x00000006c1600000,0x00000006c1600000,0x00000006cc100000)
 Metaspace       used 12056K, capacity 12238K, committed 12416K, reserved 1060864K
  class space    used 1490K, capacity 1543K, committed 1664K, reserved 1048576K
Event: 1.024 GC heap after
Heap after GC invocations=1 (full 0):
 PSYoungGen      total 76288K, used 10739K [0x000000076b200000, 0x0000000770700000, 0x00000007c0000000)
  eden space 65536K, 0% used [0x000000076b200000,0x000000076b200000,0x000000076f200000)
  from space 10752K, 99% used [0x000000076f200000,0x000000076fc7cf30,0x000000076fc80000)
  to   space 10752K, 0% used [0x000000076fc80000,0x000000076fc80000,0x0000000770700000)
 ParOldGen       total 175104K, used 427K [0x00000006c1600000, 0x00000006cc100000, 0x000000076b200000)
  object space 175104K, 0% used [0x00000006c1600000,0x00000006c166af10,0x00000006cc100000)
 Metaspace       used 12056K, capacity 12238K, committed 12416K, reserved 1060864K
  class space    used 1490K, capacity 1543K, committed 1664K, reserved 1048576K
}
Event: 2.602 GC heap before
{Heap before GC invocations=2 (full 0):
 PSYoungGen      total 76288K, used 76275K [0x000000076b200000, 0x0000000770700000, 0x00000007c0000000)
  eden space 65536K, 100% used [0x000000076b200000,0x000000076f200000,0x000000076f200000)
  from space 10752K, 99% used [0x000000076f200000,0x000000076fc7cf30,0x000000076fc80000)
  to   space 10752K, 0% used [0x000000076fc80000,0x000000076fc80000,0x0000000770700000)
 ParOldGen       total 175104K, used 427K [0x00000006c1600000, 0x00000006cc100000, 0x000000076b200000)
  object space 175104K, 0% used [0x00000006c1600000,0x00000006c166af10,0x00000006cc100000)
 Metaspace       used 12898K, capacity 13100K, committed 13440K, reserved 1060864K
  class space    used 1537K, capacity 1612K, committed 1664K, reserved 1048576K
Event: 2.608 GC heap after
Heap after GC invocations=2 (full 0):
 PSYoungGen      total 76288K, used 7339K [0x000000076b200000, 0x0000000770700000, 0x00000007c0000000)
  eden space 65536K, 0% used [0x000000076b200000,0x000000076b200000,0x000000076f200000)
  from space 10752K, 68% used [0x000000076fc80000,0x00000007703aafd8,0x0000000770700000)
  to   space 10752K, 0% used [0x000000076f200000,0x000000076f200000,0x000000076fc80000)
 ParOldGen       total 175104K, used 435K [0x00000006c1600000, 0x00000006cc100000, 0x000000076b200000)
  object space 175104K, 0% used [0x00000006c1600000,0x00000006c166cf10,0x00000006cc100000)
 Metaspace       used 12898K, capacity 13100K, committed 13440K, reserved 1060864K
  class space    used 1537K, capacity 1612K, committed 1664K, reserved 1048576K
}
Event: 5.047 GC heap before
{Heap before GC invocations=3 (full 0):
 PSYoungGen      total 76288K, used 72875K [0x000000076b200000, 0x0000000770700000, 0x00000007c0000000)
  eden space 65536K, 100% used [0x000000076b200000,0x000000076f200000,0x000000076f200000)
  from space 10752K, 68% used [0x000000076fc80000,0x00000007703aafd8,0x0000000770700000)
  to   space 10752K, 0% used [0x000000076f200000,0x000000076f200000,0x000000076fc80000)
 ParOldGen       total 175104K, used 435K [0x00000006c1600000, 0x00000006cc100000, 0x000000076b200000)
  object space 175104K, 0% used [0x00000006c1600000,0x00000006c166cf10,0x00000006cc100000)
 Metaspace       used 14075K, capacity 14324K, committed 14592K, reserved 1062912K
  class space    used 1659K, capacity 1760K, committed 1792K, reserved 1048576K
Event: 5.054 GC heap after
Heap after GC invocations=3 (full 0):
 PSYoungGen      total 76288K, used 10568K [0x000000076b200000, 0x0000000770700000, 0x00000007c0000000)
  eden space 65536K, 0% used [0x000000076b200000,0x000000076b200000,0x000000076f200000)
  from space 10752K, 98% used [0x000000076f200000,0x000000076fc522a0,0x000000076fc80000)
  to   space 10752K, 0% used [0x000000076fc80000,0x000000076fc80000,0x0000000770700000)
 ParOldGen       total 175104K, used 443K [0x00000006c1600000, 0x00000006cc100000, 0x000000076b200000)
  object space 175104K, 0% used [0x00000006c1600000,0x00000006c166ef10,0x00000006cc100000)
 Metaspace       used 14075K, capacity 14324K, committed 14592K, reserved 1062912K
  class space    used 1659K, capacity 1760K, committed 1792K, reserved 1048576K
}

